19:02:56.126 [main] INFO  testCases.TC001_AccountRegistrationTest - ******Providing Info for Registration***
19:03:00.120 [main] INFO  testCases.TC001_AccountRegistrationTest - ******Validating the registration***
19:03:00.197 [main] INFO  testCases.TC001_AccountRegistrationTest - *****finished testcase Execution***
19:03:04.558 [main] INFO  testCases.TC002_LoginTest - ****** Starting TC_002_LoginTest ******
19:03:21.680 [main] INFO  testCases.TC001_AccountRegistrationTest - ******Starting testcase TC001_AccountRegristration****
19:03:21.682 [main] INFO  testCases.TC001_AccountRegistrationTest - ******clicked on MyAccount***
19:03:21.960 [main] INFO  testCases.TC001_AccountRegistrationTest - ******clicked on Register***
19:03:24.299 [main] INFO  testCases.TC001_AccountRegistrationTest - ******Providing Info for Registration***
19:03:26.297 [main] INFO  testCases.TC001_AccountRegistrationTest - ******Validating the registration***
19:03:26.373 [main] INFO  testCases.TC001_AccountRegistrationTest - *****finished testcase Execution***
19:03:34.649 [main] INFO  testCases.TC002_LoginTest - ****** Starting TC_002_LoginTest ******
19:05:34.391 [main] DEBUG org.testng.TestNG - suiteXmlPath: "C:\Users\HP\eclipse_selenium\OpencartV121\grid-docker.xml"
19:05:35.079 [main] INFO  org.testng.internal.Utils - [TestNG] Running:
  C:\Users\HP\eclipse_selenium\OpencartV121\grid-docker.xml

19:05:46.049 [main] INFO  testCases.TC001_AccountRegistrationTest - ******Starting testcase TC001_AccountRegristration****
19:05:46.100 [main] INFO  testCases.TC001_AccountRegistrationTest - ******clicked on MyAccount***
19:05:46.553 [main] INFO  testCases.TC001_AccountRegistrationTest - ******clicked on Register***
19:05:47.337 [main] INFO  testCases.TC001_AccountRegistrationTest - ******Providing Info for Registration***
19:05:50.526 [main] INFO  testCases.TC001_AccountRegistrationTest - ******Validating the registration***
19:05:50.607 [main] INFO  testCases.TC001_AccountRegistrationTest - *****finished testcase Execution***
19:05:53.749 [main] INFO  testCases.TC002_LoginTest - ****** Starting TC_002_LoginTest ******
19:06:09.763 [main] INFO  testCases.TC001_AccountRegistrationTest - ******Starting testcase TC001_AccountRegristration****
19:06:09.766 [main] INFO  testCases.TC001_AccountRegistrationTest - ******clicked on MyAccount***
19:06:10.447 [main] INFO  testCases.TC001_AccountRegistrationTest - ******clicked on Register***
19:06:12.423 [main] INFO  testCases.TC001_AccountRegistrationTest - ******Providing Info for Registration***
19:06:16.320 [main] INFO  testCases.TC001_AccountRegistrationTest - ******Validating the registration***
19:06:16.409 [main] INFO  testCases.TC001_AccountRegistrationTest - *****finished testcase Execution***
19:06:24.581 [main] INFO  testCases.TC002_LoginTest - ****** Starting TC_002_LoginTest ******
19:31:19.789 [main] DEBUG org.testng.TestNG - suiteXmlPath: "C:\Users\HP\eclipse_selenium\OpencartV121\testng.xml"
19:42:15.507 [main] DEBUG org.testng.TestNG - suiteXmlPath: "C:\Users\HP\eclipse_selenium\OpencartV121\testng.xml"
19:43:26.020 [main] DEBUG org.testng.TestNG - suiteXmlPath: "C:\Users\HP\eclipse_selenium\OpencartV121\testng.xml"
19:44:57.693 [main] DEBUG org.testng.TestNG - suiteXmlPath: "C:\Users\HP\eclipse_selenium\OpencartV121\grid-docker.xml"
19:46:17.476 [main] DEBUG org.testng.TestNG - suiteXmlPath: "C:\Users\HP\eclipse_selenium\OpencartV121\grid-docker.xml"
19:47:02.183 [main] DEBUG org.testng.TestNG - suiteXmlPath: "C:\Users\HP\eclipse_selenium\OpencartV121\grid-docker.xml"
19:47:14.237 [main] INFO  testCases.TC001_AccountRegistrationTest - ******Starting testcase TC001_AccountRegristration****
19:47:14.370 [main] INFO  testCases.TC001_AccountRegistrationTest - ******clicked on MyAccount***
19:47:14.717 [main] INFO  testCases.TC001_AccountRegistrationTest - ******clicked on Register***
19:47:15.655 [main] INFO  testCases.TC001_AccountRegistrationTest - ******Providing Info for Registration***
19:47:20.440 [main] INFO  testCases.TC001_AccountRegistrationTest - ******Validating the registration***
19:47:20.706 [main] INFO  testCases.TC001_AccountRegistrationTest - *****finished testcase Execution***
19:47:25.664 [main] INFO  testCases.TC002_LoginTest - ****** Starting TC_002_LoginTest ******
19:47:48.858 [main] INFO  testCases.TC001_AccountRegistrationTest - ******Starting testcase TC001_AccountRegristration****
19:47:48.860 [main] INFO  testCases.TC001_AccountRegistrationTest - ******clicked on MyAccount***
19:47:49.514 [main] INFO  testCases.TC001_AccountRegistrationTest - ******clicked on Register***
19:47:52.081 [main] INFO  testCases.TC001_AccountRegistrationTest - ******Providing Info for Registration***
19:48:00.687 [main] INFO  testCases.TC001_AccountRegistrationTest - ******Validating the registration***
19:48:02.334 [main] INFO  testCases.TC001_AccountRegistrationTest - *****finished testcase Execution***
19:48:22.875 [main] INFO  testCases.TC002_LoginTest - ****** Starting TC_002_LoginTest ******
19:48:24.126 [main] DEBUG org.testng.TestNG - suiteXmlPath: "C:\Users\HP\eclipse_selenium\OpencartV121\testng.xml"
