15:58:03.500 [main] INFO  testCases.TC002_LoginTest - ****** Starting TC_002_LoginTest ******
15:58:07.966 [main] INFO  testCases.TC005_AddToCartPageTest -  Starting TC_005_AddToCartPageTest 
16:00:06.877 [main] DEBUG org.testng.TestNG - suiteXmlPath: "C:\Users\HP\eclipse_selenium\OpencartV121\testng.xml"
16:00:07.234 [main] INFO  org.testng.internal.Utils - [TestNG] Running:
  C:\Users\HP\eclipse_selenium\OpencartV121\testng.xml

16:00:15.740 [main] INFO  testCases.TC002_LoginTest - ****** Starting TC_002_LoginTest ******
16:00:27.364 [main] INFO  testCases.TC005_AddToCartPageTest -  Starting TC_005_AddToCartPageTest 
16:06:11.809 [main] DEBUG org.testng.TestNG - suiteXmlPath: "C:\Users\HP\eclipse_selenium\OpencartV121\testng.xml"
16:06:12.175 [main] INFO  org.testng.internal.Utils - [TestNG] Running:
  C:\Users\HP\eclipse_selenium\OpencartV121\testng.xml

16:06:16.602 [main] INFO  testCases.TC002_LoginTest - ****** Starting TC_002_LoginTest ******
16:06:22.360 [main] INFO  testCases.TC005_AddToCartPageTest -  Starting TC_005_AddToCartPageTest 
16:06:24.165 [main] INFO  testCases.TC005_AddToCartPageTest - Product added to cart successfully
16:06:24.165 [main] INFO  testCases.TC005_AddToCartPageTest -  Finished TC005_AddToCartTest 
16:06:57.604 [main] DEBUG org.testng.TestNG - suiteXmlPath: "C:\Users\HP\eclipse_selenium\OpencartV121\testng.xml"
16:06:57.821 [main] INFO  org.testng.internal.Utils - [TestNG] Running:
  C:\Users\HP\eclipse_selenium\OpencartV121\testng.xml

16:07:01.864 [main] INFO  testCases.TC002_LoginTest - ****** Starting TC_002_LoginTest ******
16:07:06.940 [main] INFO  testCases.TC005_AddToCartPageTest -  Starting TC_005_AddToCartPageTest 
16:07:09.014 [main] INFO  testCases.TC005_AddToCartPageTest - Product added to cart successfully
16:07:09.014 [main] INFO  testCases.TC005_AddToCartPageTest -  Finished TC005_AddToCartTest 
16:16:18.406 [main] DEBUG org.testng.TestNG - suiteXmlPath: "C:\Users\HP\eclipse_selenium\OpencartV121\testng.xml"
16:16:18.701 [main] INFO  org.testng.internal.Utils - [TestNG] Running:
  C:\Users\HP\eclipse_selenium\OpencartV121\testng.xml

16:16:22.271 [main] INFO  testCases.TC002_LoginTest - ****** Starting TC_002_LoginTest ******
16:16:28.554 [main] INFO  testCases.TC005_AddToCartPageTest -  Starting TC_005_AddToCartPageTest 
16:18:58.828 [main] DEBUG org.testng.TestNG - suiteXmlPath: "C:\Users\HP\eclipse_selenium\OpencartV121\testng.xml"
16:18:59.036 [main] INFO  org.testng.internal.Utils - [TestNG] Running:
  C:\Users\HP\eclipse_selenium\OpencartV121\testng.xml

16:19:05.777 [main] INFO  testCases.TC002_LoginTest - ****** Starting TC_002_LoginTest ******
16:19:11.835 [main] INFO  testCases.TC005_AddToCartPageTest -  Starting TC_005_AddToCartPageTest 
