19:52:42.568 [main] INFO  testCases.TC002_LoginTest - ****** Starting TC_002_LoginTest ******
19:53:20.490 [main] DEBUG org.testng.TestNG - suiteXmlPath: "C:\Users\HP\eclipse_selenium\OpencartV121\src\test\java\testCases\testng.xml"
19:53:20.688 [main] INFO  org.testng.internal.Utils - [TestNG] Running:
  C:\Users\HP\eclipse_selenium\OpencartV121\src\test\java\testCases\testng.xml

19:53:24.534 [main] INFO  testCases.TC002_LoginTest - ****** Starting TC_002_LoginTest ******
19:53:48.378 [main] DEBUG org.testng.TestNG - suiteXmlPath: "C:\Users\HP\eclipse_selenium\OpencartV121\src\test\java\testCases\testng.xml"
19:53:48.585 [main] INFO  org.testng.internal.Utils - [TestNG] Running:
  C:\Users\HP\eclipse_selenium\OpencartV121\src\test\java\testCases\testng.xml

19:53:52.425 [main] INFO  testCases.TC002_LoginTest - ****** Starting TC_002_LoginTest ******
19:57:23.857 [main] DEBUG org.testng.TestNG - suiteXmlPath: "C:\Users\HP\eclipse_selenium\OpencartV121\src\test\java\testCases\testng.xml"
19:57:24.065 [main] INFO  org.testng.internal.Utils - [TestNG] Running:
  C:\Users\HP\eclipse_selenium\OpencartV121\src\test\java\testCases\testng.xml

19:57:35.567 [main] INFO  testCases.TC002_LoginTest - ****** Starting TC_002_LoginTest ******
19:58:13.321 [main] DEBUG org.testng.TestNG - suiteXmlPath: "C:\Users\HP\eclipse_selenium\OpencartV121\src\test\java\testCases\testng.xml"
19:58:13.507 [main] INFO  org.testng.internal.Utils - [TestNG] Running:
  C:\Users\HP\eclipse_selenium\OpencartV121\src\test\java\testCases\testng.xml

19:58:17.530 [main] INFO  testCases.TC002_LoginTest - ****** Starting TC_002_LoginTest ******
20:53:36.363 [main] DEBUG org.testng.TestNG - suiteXmlPath: "C:\Users\HP\eclipse_selenium\OpencartV121\src\test\java\testCases\testng.xml"
20:53:37.264 [main] INFO  org.testng.internal.Utils - [TestNG] Running:
  C:\Users\HP\eclipse_selenium\OpencartV121\src\test\java\testCases\testng.xml

20:53:51.842 [main] DEBUG org.apache.poi.openxml4j.opc.PackageRelationshipCollection - Parsing relationship: /xl/_rels/workbook.xml.rels
20:53:51.849 [main] DEBUG org.apache.poi.openxml4j.opc.PackageRelationshipCollection - Parsing relationship: /_rels/.rels
20:53:52.785 [main] DEBUG org.apache.poi.openxml4j.opc.PackageRelationshipCollection - Parsing relationship: /xl/_rels/workbook.xml.rels
20:53:52.789 [main] DEBUG org.apache.poi.openxml4j.opc.PackageRelationshipCollection - Parsing relationship: /_rels/.rels
20:53:52.829 [main] DEBUG org.apache.poi.openxml4j.opc.PackageRelationshipCollection - Parsing relationship: /xl/_rels/workbook.xml.rels
20:53:52.831 [main] DEBUG org.apache.poi.openxml4j.opc.PackageRelationshipCollection - Parsing relationship: /_rels/.rels
20:53:52.889 [main] DEBUG org.apache.poi.openxml4j.opc.PackageRelationshipCollection - Parsing relationship: /xl/_rels/workbook.xml.rels
20:53:52.892 [main] DEBUG org.apache.poi.openxml4j.opc.PackageRelationshipCollection - Parsing relationship: /_rels/.rels
20:53:52.929 [main] DEBUG org.apache.poi.openxml4j.opc.PackageRelationshipCollection - Parsing relationship: /xl/_rels/workbook.xml.rels
20:53:52.929 [main] DEBUG org.apache.poi.openxml4j.opc.PackageRelationshipCollection - Parsing relationship: /_rels/.rels
20:53:52.979 [main] DEBUG org.apache.poi.openxml4j.opc.PackageRelationshipCollection - Parsing relationship: /xl/_rels/workbook.xml.rels
20:53:52.979 [main] DEBUG org.apache.poi.openxml4j.opc.PackageRelationshipCollection - Parsing relationship: /_rels/.rels
20:53:53.029 [main] DEBUG org.apache.poi.openxml4j.opc.PackageRelationshipCollection - Parsing relationship: /xl/_rels/workbook.xml.rels
20:53:53.031 [main] DEBUG org.apache.poi.openxml4j.opc.PackageRelationshipCollection - Parsing relationship: /_rels/.rels
20:53:53.050 [main] DEBUG org.apache.poi.openxml4j.opc.PackageRelationshipCollection - Parsing relationship: /xl/_rels/workbook.xml.rels
20:53:53.059 [main] DEBUG org.apache.poi.openxml4j.opc.PackageRelationshipCollection - Parsing relationship: /_rels/.rels
20:53:53.080 [main] DEBUG org.apache.poi.openxml4j.opc.PackageRelationshipCollection - Parsing relationship: /xl/_rels/workbook.xml.rels
20:53:53.081 [main] DEBUG org.apache.poi.openxml4j.opc.PackageRelationshipCollection - Parsing relationship: /_rels/.rels
20:53:53.106 [main] DEBUG org.apache.poi.openxml4j.opc.PackageRelationshipCollection - Parsing relationship: /xl/_rels/workbook.xml.rels
20:53:53.106 [main] DEBUG org.apache.poi.openxml4j.opc.PackageRelationshipCollection - Parsing relationship: /_rels/.rels
20:53:53.130 [main] DEBUG org.apache.poi.openxml4j.opc.PackageRelationshipCollection - Parsing relationship: /xl/_rels/workbook.xml.rels
20:53:53.132 [main] DEBUG org.apache.poi.openxml4j.opc.PackageRelationshipCollection - Parsing relationship: /_rels/.rels
20:53:53.167 [main] DEBUG org.apache.poi.openxml4j.opc.PackageRelationshipCollection - Parsing relationship: /xl/_rels/workbook.xml.rels
20:53:53.169 [main] DEBUG org.apache.poi.openxml4j.opc.PackageRelationshipCollection - Parsing relationship: /_rels/.rels
